app/build/intermediates/manifest_merge_blame_file/debug/manifest-merger-blame-debug-report.txt
1<?xml version="1.0" encoding="utf-8"?>
2<manifest xmlns:android="http://schemas.android.com/apk/res/android"
3    package="com.example.qoot"
4    android:versionCode="1"
5    android:versionName="1.0" >
6
7    <uses-sdk
8        android:minSdkVersion="21"
8-->src\main\AndroidManifest.xml
9        android:targetSdkVersion="28" />
9-->src\main\AndroidManifest.xml
10
11    <uses-permission android:name="android.permission.INTERNET" />
11-->src\main\AndroidManifest.xml:4:1-62
11-->src\main\AndroidManifest.xml:4:18-60
12    <uses-permission android:name="android.permission.ACCESS_NETWORK_STATE" />
12-->[com.google.firebase:firebase-firestore:17.1.2] AndroidManifest.xml:10:5-79
12-->[com.google.firebase:firebase-firestore:17.1.2] AndroidManifest.xml:10:22-76
13
14    <application
14-->src\main\AndroidManifest.xml:5:5-31:19
15        android:allowBackup="true"
15-->src\main\AndroidManifest.xml:6:9-35
16        android:appComponentFactory="androidx.core.app.CoreComponentFactory"
16-->[androidx.core:core:1.1.0] AndroidManifest.xml:24:18-86
17        android:debuggable="true"
18        android:icon="@mipmap/ic_launcher"
18-->src\main\AndroidManifest.xml:7:9-43
19        android:label="@string/app_name"
19-->src\main\AndroidManifest.xml:8:9-41
20        android:roundIcon="@mipmap/ic_launcher_round"
20-->src\main\AndroidManifest.xml:9:9-54
21        android:supportsRtl="true"
21-->src\main\AndroidManifest.xml:10:9-35
22        android:testOnly="true"
23        android:theme="@style/AppTheme" >
23-->src\main\AndroidManifest.xml:11:9-40
24        <activity android:name="com.example.qoot.VolunteerRequestInfo" />
24-->src\main\AndroidManifest.xml:12:9-57
24-->src\main\AndroidManifest.xml:12:19-55
25        <activity android:name="com.example.qoot.DonatorRequestInfo" />
25-->src\main\AndroidManifest.xml:13:9-55
25-->src\main\AndroidManifest.xml:13:19-53
26        <activity android:name="com.example.qoot.DonatorMain" />
26-->src\main\AndroidManifest.xml:14:9-49
26-->src\main\AndroidManifest.xml:14:19-46
27        <activity android:name="com.example.qoot.requestForm" />
27-->src\main\AndroidManifest.xml:15:9-49
27-->src\main\AndroidManifest.xml:15:19-46
28        <activity android:name="com.example.qoot.EditDonatorProfile" />
28-->src\main\AndroidManifest.xml:16:9-56
28-->src\main\AndroidManifest.xml:16:19-53
29        <activity android:name="com.example.qoot.DonatorProfile" />
29-->src\main\AndroidManifest.xml:17:9-52
29-->src\main\AndroidManifest.xml:17:19-49
30        <activity android:name="com.example.qoot.EditVolunteerProfile" />
30-->src\main\AndroidManifest.xml:18:9-58
30-->src\main\AndroidManifest.xml:18:19-55
31        <activity android:name="com.example.qoot.VolunteerProfile" />
31-->src\main\AndroidManifest.xml:19:9-54
31-->src\main\AndroidManifest.xml:19:19-51
32        <activity android:name="com.example.qoot.ForgotPassword" />
32-->src\main\AndroidManifest.xml:20:9-52
32-->src\main\AndroidManifest.xml:20:19-49
33        <activity android:name="com.example.qoot.LogIn" >
33-->src\main\AndroidManifest.xml:21:9-27:20
33-->src\main\AndroidManifest.xml:21:19-40
34            <intent-filter>
34-->src\main\AndroidManifest.xml:22:13-26:29
35                <action android:name="android.intent.action.MAIN" />
35-->src\main\AndroidManifest.xml:23:17-69
35-->src\main\AndroidManifest.xml:23:25-66
36
37                <category android:name="android.intent.category.LAUNCHER" />
37-->src\main\AndroidManifest.xml:25:17-77
37-->src\main\AndroidManifest.xml:25:27-74
38            </intent-filter>
39        </activity>
40        <activity android:name="com.example.qoot.RegisterAsDonator" />
40-->src\main\AndroidManifest.xml:28:9-55
40-->src\main\AndroidManifest.xml:28:19-52
41        <activity android:name="com.example.qoot.RegisterAsVolunteer" />
41-->src\main\AndroidManifest.xml:29:9-57
41-->src\main\AndroidManifest.xml:29:19-54
42        <activity android:name="com.example.qoot.SignUpAs" />
42-->src\main\AndroidManifest.xml:30:9-46
42-->src\main\AndroidManifest.xml:30:19-43
43        <activity
43-->[com.google.firebase:firebase-auth:16.0.5] AndroidManifest.xml:24:9-31:50
44            android:name="com.google.firebase.auth.internal.FederatedSignInActivity"
44-->[com.google.firebase:firebase-auth:16.0.5] AndroidManifest.xml:25:13-85
45            android:excludeFromRecents="true"
45-->[com.google.firebase:firebase-auth:16.0.5] AndroidManifest.xml:26:13-46
46            android:exported="true"
46-->[com.google.firebase:firebase-auth:16.0.5] AndroidManifest.xml:27:13-36
47            android:launchMode="singleTask"
47-->[com.google.firebase:firebase-auth:16.0.5] AndroidManifest.xml:28:13-44
48            android:permission="com.google.firebase.auth.api.gms.permission.LAUNCH_FEDERATED_SIGN_IN"
48-->[com.google.firebase:firebase-auth:16.0.5] AndroidManifest.xml:29:13-102
49            android:theme="@android:style/Theme.Translucent.NoTitleBar" />
49-->[com.google.firebase:firebase-auth:16.0.5] AndroidManifest.xml:30:13-72
50
51        <service
51-->[com.google.firebase:firebase-auth:16.0.5] AndroidManifest.xml:33:9-39:19
52            android:name="com.google.firebase.components.ComponentDiscoveryService"
52-->[com.google.firebase:firebase-auth:16.0.5] AndroidManifest.xml:34:13-84
53            android:exported="false" >
53-->[com.google.firebase:firebase-auth:16.0.5] AndroidManifest.xml:35:13-37
54            <meta-data
54-->[com.google.firebase:firebase-auth:16.0.5] AndroidManifest.xml:36:13-38:85
55                android:name="com.google.firebase.components:com.google.firebase.auth.FirebaseAuthRegistrar"
55-->[com.google.firebase:firebase-auth:16.0.5] AndroidManifest.xml:37:17-109
56                android:value="com.google.firebase.components.ComponentRegistrar" />
56-->[com.google.firebase:firebase-auth:16.0.5] AndroidManifest.xml:38:17-82
57            <meta-data
57-->[com.google.firebase:firebase-firestore:17.1.2] AndroidManifest.xml:15:13-17:85
58                android:name="com.google.firebase.components:com.google.firebase.firestore.FirestoreRegistrar"
58-->[com.google.firebase:firebase-firestore:17.1.2] AndroidManifest.xml:16:17-111
59                android:value="com.google.firebase.components.ComponentRegistrar" />
59-->[com.google.firebase:firebase-firestore:17.1.2] AndroidManifest.xml:17:17-82
60        </service>
61
62        <activity
62-->[com.google.android.gms:play-services-base:16.0.1] AndroidManifest.xml:23:9-26:75
63            android:name="com.google.android.gms.common.api.GoogleApiActivity"
63-->[com.google.android.gms:play-services-base:16.0.1] AndroidManifest.xml:24:13-79
64            android:exported="false"
64-->[com.google.android.gms:play-services-base:16.0.1] AndroidManifest.xml:25:13-37
65            android:theme="@android:style/Theme.Translucent.NoTitleBar" />
65-->[com.google.android.gms:play-services-base:16.0.1] AndroidManifest.xml:26:13-72
66
67        <provider
67-->[com.google.firebase:firebase-common:16.0.3] AndroidManifest.xml:10:9-14:39
68            android:name="com.google.firebase.provider.FirebaseInitProvider"
68-->[com.google.firebase:firebase-common:16.0.3] AndroidManifest.xml:11:13-77
69            android:authorities="com.example.qoot.firebaseinitprovider"
69-->[com.google.firebase:firebase-common:16.0.3] AndroidManifest.xml:12:13-72
70            android:exported="false"
70-->[com.google.firebase:firebase-common:16.0.3] AndroidManifest.xml:13:13-37
71            android:initOrder="100" />
71-->[com.google.firebase:firebase-common:16.0.3] AndroidManifest.xml:14:13-36
72
73        <meta-data
73-->[com.google.android.gms:play-services-basement:16.1.0] AndroidManifest.xml:23:9-25:69
74            android:name="com.google.android.gms.version"
74-->[com.google.android.gms:play-services-basement:16.1.0] AndroidManifest.xml:24:13-58
75            android:value="@integer/google_play_services_version" />
75-->[com.google.android.gms:play-services-basement:16.1.0] AndroidManifest.xml:25:13-66
76    </application>
77
78</manifest>